<?xml version="1.0" encoding="UTF-8"?>
<!-- Generated by org.testng.reporters.JUnitReportReporter -->
<testsuite hostname="DESKTOP-54LB1SJ" failures="0" tests="1" name="workingwithelements.WorkingWithJavascriptAlert" time="0.268" errors="0" timestamp="2020-11-24T18:51:14 EET" skipped="0">
  <testcase classname="workingwithelements.WorkingWithJavascriptAlert" name="testAlert" time="0.268"/>
  <system-out/>
</testsuite> <!-- workingwithelements.WorkingWithJavascriptAlert -->
