<?xml version="1.0" encoding="UTF-8"?>
<!-- Generated by org.testng.reporters.JUnitReportReporter -->
<testsuite hostname="DESKTOP-54LB1SJ" failures="0" tests="1" name="findingelements.TechTest" time="0.313" errors="0" timestamp="2020-10-13T22:52:31 EET" skipped="0">
  <testcase classname="findingelements.TechTest" name="findelementbyname" time="0.313"/>
  <system-out/>
</testsuite> <!-- findingelements.TechTest -->
