<?xml version="1.0" encoding="UTF-8"?>
<!-- Generated by org.testng.reporters.JUnitReportReporter -->
<testsuite hostname="DESKTOP-54LB1SJ" failures="0" tests="1" name="findingelements.WorkingWithSubmitMethod" time="9.562" errors="0" timestamp="2020-10-25T20:14:58 EET" skipped="0">
  <testcase classname="findingelements.WorkingWithSubmitMethod" name="testsubmit" time="9.562"/>
  <system-out/>
</testsuite> <!-- findingelements.WorkingWithSubmitMethod -->
