<?xml version="1.0" encoding="UTF-8"?>
<!-- Generated by org.testng.reporters.JUnitReportReporter -->
<testsuite hostname="DESKTOP-54LB1SJ" failures="0" tests="1" name="workingwithelements.WorkingwithDropdownList" time="0.496" errors="0" timestamp="2020-11-09T23:27:01 EET" skipped="0">
  <testcase classname="workingwithelements.WorkingwithDropdownList" name="testDropdownList" time="0.496"/>
  <system-out/>
</testsuite> <!-- workingwithelements.WorkingwithDropdownList -->
