<?xml version="1.0" encoding="UTF-8"?>
<!-- Generated by org.testng.reporters.JUnitReportReporter -->
<testsuite hostname="DESKTOP-54LB1SJ" failures="0" tests="1" name="workingwithelements.AssertTrueTest" time="1.891" errors="0" timestamp="2020-11-17T13:24:19 EET" skipped="0">
  <testcase classname="workingwithelements.AssertTrueTest" name="loginScreen" time="1.891"/>
  <system-out/>
</testsuite> <!-- workingwithelements.AssertTrueTest -->
