<?xml version="1.0" encoding="UTF-8"?>
<!-- Generated by org.testng.reporters.JUnitReportReporter -->
<testsuite hostname="DESKTOP-54LB1SJ" failures="0" tests="1" name="workingwithelements.TestImplicitlyWait" time="0.527" errors="0" timestamp="2020-12-20T23:12:31 EET" skipped="0">
  <testcase classname="workingwithelements.TestImplicitlyWait" name="testimplicitywait" time="0.527"/>
  <system-out/>
</testsuite> <!-- workingwithelements.TestImplicitlyWait -->
