<?xml version="1.0" encoding="UTF-8"?>
<!-- Generated by org.testng.reporters.JUnitReportReporter -->
<testsuite hostname="DESKTOP-54LB1SJ" failures="0" tests="1" name="findingelements.FindElementException" time="0.125" errors="0" timestamp="2020-09-15T21:34:22 EET" skipped="0">
  <testcase classname="findingelements.FindElementException" name="findelementbyname" time="0.125"/>
  <system-out/>
</testsuite> <!-- findingelements.FindElementException -->
