<?xml version="1.0" encoding="UTF-8"?>
<!-- Generated by org.testng.reporters.JUnitReportReporter -->
<testsuite hostname="DESKTOP-54LB1SJ" failures="0" tests="1" name="workingwithelements.TestWebTable" time="1.592" errors="0" timestamp="2020-11-02T19:01:59 EET" skipped="0">
  <testcase classname="workingwithelements.TestWebTable" name="webTableTest" time="1.592"/>
  <system-out/>
</testsuite> <!-- workingwithelements.TestWebTable -->
