<?xml version="1.0" encoding="UTF-8"?>
<!-- Generated by org.testng.reporters.JUnitReportReporter -->
<testsuite hostname="DESKTOP-54LB1SJ" failures="0" tests="1" name="findingelements.FindingElements" time="8.564" errors="0" timestamp="2020-10-18T22:47:50 EET" skipped="0">
  <testcase classname="findingelements.FindingElements" name="testbrowsercommands" time="8.564"/>
  <system-out/>
</testsuite> <!-- findingelements.FindingElements -->
