<?xml version="1.0" encoding="UTF-8"?>
<!-- Generated by org.testng.reporters.JUnitReportReporter -->
<testsuite hostname="DESKTOP-54LB1SJ" failures="0" tests="1" name="workingwithelements.CheckingElementPresent" time="0.214" errors="0" timestamp="2020-11-05T21:08:14 EET" skipped="0">
  <testcase classname="workingwithelements.CheckingElementPresent" name="testiselementpresent" time="0.214"/>
  <system-out/>
</testsuite> <!-- workingwithelements.CheckingElementPresent -->
