<?xml version="1.0" encoding="UTF-8"?>
<!-- Generated by org.testng.reporters.JUnitReportReporter -->
<testsuite hostname="DESKTOP-54LB1SJ" failures="0" tests="1" name="workingwithelements.WorkingWithPromptAlert" time="4.447" errors="0" timestamp="2020-11-24T21:13:37 EET" skipped="0">
  <testcase classname="workingwithelements.WorkingWithPromptAlert" name="testPrompetAlert" time="4.447"/>
  <system-out/>
</testsuite> <!-- workingwithelements.WorkingWithPromptAlert -->
