<?xml version="1.0" encoding="UTF-8"?>
<!-- Generated by org.testng.reporters.JUnitReportReporter -->
<testsuite hostname="DESKTOP-54LB1SJ" failures="0" tests="1" name="workingwithelements.Firfox" time="2.178" errors="0" timestamp="2020-10-20T20:10:43 EET" skipped="0">
  <testcase classname="workingwithelements.Firfox" name="loginscreen" time="2.178"/>
  <system-out/>
</testsuite> <!-- workingwithelements.Firfox -->
