<?xml version="1.0" encoding="UTF-8"?>
<!-- Generated by org.testng.reporters.JUnitReportReporter -->
<testsuite hostname="DESKTOP-54LB1SJ" failures="0" tests="1" name="workingwithelements.WorkingWithCheckBoxes" time="0.207" errors="0" timestamp="2020-10-30T21:53:50 EET" skipped="0">
  <testcase classname="workingwithelements.WorkingWithCheckBoxes" name="testcheckboxes" time="0.207"/>
  <system-out/>
</testsuite> <!-- workingwithelements.WorkingWithCheckBoxes -->
