<?xml version="1.0" encoding="UTF-8"?>
<!-- Generated by org.testng.reporters.JUnitReportReporter -->
<testsuite hostname="DESKTOP-54LB1SJ" failures="0" tests="2" name="workingwithelements.TestMltibleWindows" time="3.717" errors="0" timestamp="2020-12-20T21:20:46 EET" skipped="0">
  <testcase classname="workingwithelements.TestMltibleWindows" name="testWindowUsingTitle" time="2.225"/>
  <system-out/>
  <testcase classname="workingwithelements.TestMltibleWindows" name="testWindowUsingName" time="1.492"/>
  <system-out/>
</testsuite> <!-- workingwithelements.TestMltibleWindows -->
