<?xml version="1.0" encoding="UTF-8"?>
<!-- Generated by org.testng.reporters.JUnitReportReporter -->
<testsuite hostname="DESKTOP-54LB1SJ" failures="0" tests="1" name="findingelements.FindElementTableByTagName" time="0.379" errors="0" timestamp="2020-09-16T15:53:13 EET" skipped="0">
  <testcase classname="findingelements.FindElementTableByTagName" name="findbytagname" time="0.379"/>
  <system-out/>
</testsuite> <!-- findingelements.FindElementTableByTagName -->
