<?xml version="1.0" encoding="UTF-8"?>
<!-- Generated by org.testng.reporters.JUnitReportReporter -->
<testsuite hostname="DESKTOP-54LB1SJ" failures="0" tests="1" name="findingelements.FindElementByName" time="0.484" errors="0" timestamp="2020-09-15T21:23:16 EET" skipped="0">
  <testcase classname="findingelements.FindElementByName" name="findelementbyname" time="0.484"/>
  <system-out/>
</testsuite> <!-- findingelements.FindElementByName -->
