<?xml version="1.0" encoding="UTF-8"?>
<!-- Generated by org.testng.reporters.JUnitReportReporter -->
<testsuite hostname="DESKTOP-54LB1SJ" failures="0" tests="1" name="workingwithelements.DoubleClickTest" time="0.468" errors="0" timestamp="2020-11-17T20:29:34 EET" skipped="0">
  <testcase classname="workingwithelements.DoubleClickTest" name="TestDobleclick" time="0.468"/>
  <system-out/>
</testsuite> <!-- workingwithelements.DoubleClickTest -->
