<?xml version="1.0" encoding="UTF-8"?>
<!-- Generated by org.testng.reporters.JUnitReportReporter -->
<testsuite hostname="DESKTOP-54LB1SJ" failures="0" tests="1" name="findingelements.FindelementByXpathh" time="0.202" errors="0" timestamp="2020-10-13T22:24:09 EET" skipped="0">
  <testcase classname="findingelements.FindelementByXpathh" name="testfindElementsbyxpath" time="0.202"/>
  <system-out/>
</testsuite> <!-- findingelements.FindelementByXpathh -->
