<?xml version="1.0" encoding="UTF-8"?>
<!-- Generated by org.testng.reporters.JUnitReportReporter -->
<testsuite hostname="DESKTOP-54LB1SJ" failures="0" tests="1" name="findingelements.FindElementByClass" time="0.320" errors="0" timestamp="2020-09-16T15:02:30 EET" skipped="0">
  <testcase classname="findingelements.FindElementByClass" name="findelementbyname" time="0.320"/>
  <system-out/>
</testsuite> <!-- findingelements.FindElementByClass -->
