<?xml version="1.0" encoding="UTF-8"?>
<!-- Generated by org.testng.reporters.JUnitReportReporter -->
<testsuite hostname="DESKTOP-54LB1SJ" failures="0" tests="1" name="findingelements.FindByElements" time="1.314" errors="0" timestamp="2020-10-11T19:47:13 EET" skipped="0">
  <testcase classname="findingelements.FindByElements" name="testfindElements" time="1.314"/>
  <system-out/>
</testsuite> <!-- findingelements.FindByElements -->
