<?xml version="1.0" encoding="UTF-8"?>
<!-- Generated by org.testng.reporters.JUnitReportReporter -->
<testsuite hostname="DESKTOP-54LB1SJ" failures="0" tests="1" name="workingwithelements.DragAndDrop" time="0.527" errors="0" timestamp="2020-11-23T15:13:51 EET" skipped="0">
  <testcase classname="workingwithelements.DragAndDrop" name="testDragAndDrop" time="0.527"/>
  <system-out/>
</testsuite> <!-- workingwithelements.DragAndDrop -->
