<?xml version="1.0" encoding="UTF-8"?>
<!-- Generated by org.testng.reporters.JUnitReportReporter -->
<testsuite hostname="DESKTOP-54LB1SJ" failures="0" tests="2" name="workingwithelements.WorkingWithConfirmAlert" time="0.905" errors="0" timestamp="2020-12-16T23:33:26 EET" skipped="0">
  <testcase classname="workingwithelements.WorkingWithConfirmAlert" name="confirmalert" time="0.713"/>
  <system-out/>
  <testcase classname="workingwithelements.WorkingWithConfirmAlert" name="dismissalert" time="0.192"/>
  <system-out/>
</testsuite> <!-- workingwithelements.WorkingWithConfirmAlert -->
