<?xml version="1.0" encoding="UTF-8"?>
<!-- Generated by org.testng.reporters.JUnitReportReporter -->
<testsuite hostname="DESKTOP-54LB1SJ" failures="0" tests="1" name="findingelements.FindbyCssSelector" time="0.665" errors="0" timestamp="2020-10-11T18:14:10 EET" skipped="0">
  <testcase classname="findingelements.FindbyCssSelector" name="findbyccsselector" time="0.665"/>
  <system-out/>
</testsuite> <!-- findingelements.FindbyCssSelector -->
