<?xml version="1.0" encoding="UTF-8"?>
<!-- Generated by org.testng.reporters.JUnitReportReporter -->
<testsuite hostname="DESKTOP-54LB1SJ" failures="0" tests="2" name="findingelements.FindingBylinkText" time="0.322" errors="0" timestamp="2020-10-11T21:21:31 EET" skipped="0">
  <testcase classname="findingelements.FindingBylinkText" name="testlinktext" time="0.099"/>
  <system-out/>
  <testcase classname="findingelements.FindingBylinkText" name="partiallinktext" time="0.223"/>
  <system-out/>
</testsuite> <!-- findingelements.FindingBylinkText -->
