<?xml version="1.0" encoding="UTF-8"?>
<!-- Generated by org.testng.reporters.JUnitReportReporter -->
<testsuite hostname="DESKTOP-54LB1SJ" failures="0" tests="1" name="workingwithelements.TestExplicitlyWait" time="1.649" errors="0" timestamp="2020-12-21T00:21:01 EET" skipped="0">
  <testcase classname="workingwithelements.TestExplicitlyWait" name="testexplicitlywait" time="1.649"/>
  <system-out/>
</testsuite> <!-- workingwithelements.TestExplicitlyWait -->
