<?xml version="1.0" encoding="UTF-8"?>
<!-- Generated by org.testng.reporters.JUnitReportReporter -->
<testsuite hostname="DESKTOP-54LB1SJ" failures="0" tests="1" name="workingwithelements.TestCookie" time="1.434" errors="0" timestamp="2020-12-20T22:00:10 EET" skipped="0">
  <testcase classname="workingwithelements.TestCookie" name="testCookie" time="1.434"/>
  <system-out/>
</testsuite> <!-- workingwithelements.TestCookie -->
