<?xml version="1.0" encoding="UTF-8"?>
<!-- Generated by org.testng.reporters.JUnitReportReporter -->
<testsuite hostname="DESKTOP-54LB1SJ" failures="0" tests="1" name="findingelements.FindelementByXpath" time="0.403" errors="0" timestamp="2020-10-13T22:04:28 EET" skipped="0">
  <testcase classname="findingelements.FindelementByXpath" name="testfindElements" time="0.403"/>
  <system-out/>
</testsuite> <!-- findingelements.FindelementByXpath -->
