<?xml version="1.0" encoding="UTF-8"?>
<!-- Generated by org.testng.reporters.JUnitReportReporter -->
<testsuite hostname="DESKTOP-54LB1SJ" failures="0" tests="1" name="findingelements.FindElementByTagName" time="2.145" errors="0" timestamp="2020-09-16T15:37:03 EET" skipped="0">
  <testcase classname="findingelements.FindElementByTagName" name="findbytagname" time="2.145"/>
  <system-out/>
</testsuite> <!-- findingelements.FindElementByTagName -->
